********************************************************************************
Probe Values Report, written on Thu Oct 19 16:46:57 2023

Source
-------

   XYPlot: XYPlot-1
                                                         Legend   Sequence ID          X          Y
----------------------------------------------------------------------------------------------------
  tout3: CONC (Avg: 75%): X Coordinate of points along 'Path-1'      (20, 21)     2.E-03   330.E-03


********************************************************************************
Probe Values Report, written on Thu Oct 19 17:06:38 2023

Source
-------

   XYPlot: XYPlot-1
                                                         Legend   Sequence ID          X          Y
----------------------------------------------------------------------------------------------------
  tout2: CONC (Avg: 75%): X Coordinate of points along 'Path-1'      (20, 21)  -450.E-06   110.E-03
  tout3: CONC (Avg: 75%): X Coordinate of points along 'Path-1'      (20, 21)   -15.E-06   368.E-03
  tout4: CONC (Avg: 75%): X Coordinate of points along 'Path-1'      (20, 21)  -554.E-06   500.E-03
  tout1: CONC (Avg: 75%): X Coordinate of points along 'Path-1'      (36, 37)  -400.E-03    39.E-03



                  X                tout1              tout2              tout3              tout4      

              500.E-03            11.7549E-39        11.7549E-39         0.                 0.         
              473.602E-03          3.33845E-24        1.00383E-03       19.0179E-03        26.3981E-03 
              447.764E-03         15.6003E-24         2.04032E-03       37.6806E-03        52.2357E-03 
              422.475E-03         67.8213E-24         3.15872E-03       56.0392E-03        77.5248E-03 
              397.723E-03        286.232E-24          4.40471E-03       74.138E-03        102.277E-03  
              373.496E-03          1.17552E-21        5.82163E-03       92.0159E-03       126.504E-03  
              349.784E-03          4.70001E-21        7.45135E-03      109.706E-03        150.216E-03  
              326.575E-03         18.3009E-21         9.33475E-03      127.236E-03        173.425E-03  
              303.859E-03         69.4229E-21        11.512E-03        144.63E-03         196.141E-03  
              281.625E-03        256.647E-21         14.0228E-03       161.907E-03        218.375E-03  
              259.863E-03        924.95E-21          16.906E-03        179.082E-03        240.137E-03  
              238.563E-03          3.25086E-18       20.1995E-03       196.166E-03        261.437E-03  
              217.716E-03         11.1461E-18        23.9403E-03       213.169E-03        282.284E-03  
              197.311E-03         37.2939E-18        28.1636E-03       230.096E-03        302.689E-03  
              177.339E-03        121.811E-18         32.9028E-03       246.951E-03        322.661E-03  
              157.791E-03        388.525E-18         38.189E-03        263.736E-03        342.209E-03  
              138.658E-03          1.21052E-15       44.0507E-03       280.449E-03        361.342E-03  
              119.932E-03          3.68544E-15       50.5131E-03       297.089E-03        380.068E-03  
              101.602E-03         10.9676E-15        57.5982E-03       313.653E-03        398.397E-03  
               83.6626E-03        31.914E-15         65.3243E-03       330.137E-03        416.337E-03  
               66.1036E-03        90.8304E-15        73.7059E-03       346.535E-03        433.896E-03  
               48.9174E-03       252.93E-15          82.7533E-03       362.842E-03        451.083E-03  
               32.096E-03        689.32E-15          92.4728E-03       379.051E-03        467.904E-03  
               15.6318E-03         1.83918E-12      102.867E-03        395.156E-03        484.368E-03  
             -482.909E-06          4.80556E-12      113.932E-03        411.15E-03         500.483E-03  
              -16.2555E-03        12.3E-12          125.664E-03        427.026E-03        516.255E-03  
              -31.6932E-03        30.8483E-12       138.052E-03        442.778E-03        531.693E-03  
              -46.8031E-03        75.8314E-12       151.081E-03        458.397E-03        546.803E-03  
              -61.5923E-03       182.758E-12        164.735E-03        473.879E-03        561.592E-03  
              -76.0674E-03       431.947E-12        178.993E-03        489.215E-03        576.067E-03  
              -90.2353E-03         1.00145E-09      193.832E-03        504.399E-03        590.235E-03  
             -104.102E-03          2.27813E-09      209.224E-03        519.427E-03        604.102E-03  
             -117.675E-03          5.08618E-09      225.142E-03        534.291E-03        617.675E-03  
             -130.96E-03          11.1474E-09       241.554E-03        548.987E-03        630.96E-03   
             -143.962E-03         23.9898E-09       258.428E-03        563.51E-03         643.962E-03  
             -156.688E-03         50.7049E-09       275.731E-03        577.855E-03        656.688E-03  
             -169.145E-03        105.278E-09        293.428E-03        592.018E-03        669.145E-03  
             -181.336E-03        214.776E-09        311.483E-03        605.995E-03        681.336E-03  
             -193.269E-03        430.604E-09        329.86E-03         619.783E-03        693.269E-03  
             -204.949E-03        848.599E-09        348.524E-03        633.379E-03        704.949E-03  
             -216.381E-03          1.64415E-06      367.438E-03        646.78E-03         716.381E-03  
             -227.569E-03          3.13234E-06      386.566E-03        659.984E-03        727.569E-03  
             -238.521E-03          5.86895E-06      405.874E-03        672.989E-03        738.521E-03  
             -249.24E-03          10.8165E-06       425.328E-03        685.793E-03        749.24E-03   
             -259.731E-03         19.6116E-06       444.893E-03        698.396E-03        759.731E-03  
             -270.E-03            34.9864E-06       464.538E-03        710.795E-03        770.E-03     
             -280.05E-03          61.4193E-06       484.232E-03        722.992E-03        780.05E-03   
             -289.887E-03        106.117E-06        503.944E-03        734.985E-03        789.887E-03  
             -299.516E-03        180.46E-06         523.646E-03        746.775E-03        799.516E-03  
             -308.94E-03         302.097E-06        543.311E-03        758.362E-03        808.94E-03   
             -318.163E-03        497.871E-06        562.913E-03        769.746E-03        818.163E-03  
             -327.191E-03        807.845E-06        582.429E-03        780.927E-03        827.191E-03  
             -336.028E-03          1.29066E-03      601.835E-03        791.908E-03        836.028E-03  
             -344.677E-03          2.03046E-03      621.111E-03        802.689E-03        844.677E-03  
             -353.142E-03          3.14556E-03      640.236E-03        813.271E-03        853.142E-03  
             -361.427E-03          4.79886E-03      659.194E-03        823.656E-03        861.427E-03  
             -369.537E-03          7.20987E-03      677.967E-03        833.845E-03        869.537E-03  
             -377.474E-03         10.6678E-03       696.54E-03         843.841E-03        877.474E-03  
             -385.243E-03         15.5447E-03       714.899E-03        853.645E-03        885.243E-03  
             -392.847E-03         22.3073E-03       733.033E-03        863.259E-03        892.847E-03  
             -400.289E-03         31.5258E-03       750.929E-03        872.686E-03        900.289E-03  
             -407.574E-03         43.8764E-03       768.578E-03        881.927E-03        907.574E-03  
             -414.703E-03         60.1352E-03       785.97E-03         890.985E-03        914.703E-03  
             -421.682E-03         81.1609E-03       803.1E-03          899.863E-03        921.682E-03  
             -428.512E-03        107.863E-03        819.959E-03        908.562E-03        928.512E-03  
             -435.197E-03        141.153E-03        836.542E-03        917.085E-03        935.197E-03  
             -441.741E-03        181.883E-03        852.845E-03        925.436E-03        941.741E-03  
             -448.145E-03        230.769E-03        868.864E-03        933.616E-03        948.145E-03  
             -454.414E-03        288.305E-03        884.596E-03        941.627E-03        954.414E-03  
             -460.549E-03        354.681E-03        900.039E-03        949.474E-03        960.549E-03  
             -466.554E-03        429.709E-03        915.191E-03        957.158E-03        966.554E-03  
             -472.432E-03        512.781E-03        930.052E-03        964.682E-03        972.432E-03  
             -478.184E-03        602.848E-03        944.622E-03        972.049E-03        978.184E-03  
             -483.815E-03        698.461E-03        958.9E-03          979.262E-03        983.815E-03  
             -489.326E-03        797.848E-03        972.888E-03        986.323E-03        989.326E-03  
             -494.72E-03         899.035E-03        986.588E-03        993.234E-03        994.72E-03   
             -500.E-03             1.                 1.                 1.                 1.         




